<?xml version="1.0" encoding="UTF-8"?>
<!-- Generated by org.testng.reporters.JUnitReportReporter -->
<testsuite hostname="DESKTOP-UOJPDDT" failures="0" tests="1" name="com.prm.qa.testcases.T008UsageReportValidation" time="249.526" errors="0" timestamp="2022-11-15T14:18:19 IST" skipped="0">
  <testcase classname="com.prm.qa.testcases.T008UsageReportValidation" name="loginTest" time="249.526"/>
  <system-out/>
</testsuite> <!-- com.prm.qa.testcases.T008UsageReportValidation -->
