<?xml version="1.0" encoding="UTF-8"?>
<!-- Generated by org.testng.reporters.JUnitReportReporter -->
<testsuite hostname="DESKTOP-UOJPDDT" failures="0" tests="1" name="com.prm.qa.testcases.T004ValidateSummationOfEachRow" time="13.491" errors="0" timestamp="2022-10-12T11:52:26 IST" skipped="0">
  <testcase classname="com.prm.qa.testcases.T004ValidateSummationOfEachRow" name="loginTest" time="13.491"/>
  <system-out/>
</testsuite> <!-- com.prm.qa.testcases.T004ValidateSummationOfEachRow -->
