<?xml version="1.0" encoding="UTF-8"?>
<!-- Generated by org.testng.reporters.JUnitReportReporter -->
<testsuite hostname="DESKTOP-UOJPDDT" failures="0" tests="1" name="com.prm.qa.testcases.T005ValidateWhiteItemsOnReviewScreenAndSanityScreen" time="43.136" errors="0" timestamp="2022-11-01T12:17:41 IST" skipped="0">
  <testcase classname="com.prm.qa.testcases.T005ValidateWhiteItemsOnReviewScreenAndSanityScreen" name="loginTest" time="43.136"/>
  <system-out/>
</testsuite> <!-- com.prm.qa.testcases.T005ValidateWhiteItemsOnReviewScreenAndSanityScreen -->
