<?xml version="1.0" encoding="UTF-8"?>
<!-- Generated by org.testng.reporters.JUnitReportReporter -->
<testsuite hostname="DESKTOP-UOJPDDT" failures="0" tests="1" name="com.prm.qa.testcases.T002UsageReportValidation" time="37.805" errors="0" timestamp="2022-10-12T12:57:31 IST" skipped="0">
  <testcase classname="com.prm.qa.testcases.T002UsageReportValidation" name="loginTest" time="37.805"/>
  <system-out/>
</testsuite> <!-- com.prm.qa.testcases.T002UsageReportValidation -->
