<?xml version="1.0" encoding="UTF-8"?>
<!-- Generated by org.testng.reporters.JUnitReportReporter -->
<testsuite hostname="DESKTOP-UOJPDDT" failures="0" tests="1" name="com.prm.qa.testcases.T006ValidateSummationOfEachGreenAndRedOnSanityCheck" time="26.711" errors="0" timestamp="2022-11-04T19:43:55 IST" skipped="0">
  <testcase classname="com.prm.qa.testcases.T006ValidateSummationOfEachGreenAndRedOnSanityCheck" name="loginTest" time="26.711"/>
  <system-out/>
</testsuite> <!-- com.prm.qa.testcases.T006ValidateSummationOfEachGreenAndRedOnSanityCheck -->
