<?xml version="1.0" encoding="UTF-8"?>
<!-- Generated by org.testng.reporters.JUnitReportReporter -->
<testsuite hostname="DESKTOP-UOJPDDT" failures="0" tests="1" name="com.prm.qa.testcases.T004ValidateNumberOfColsOnLeftReviewScreenAndSanitySCreen" time="23.083" errors="0" timestamp="2022-11-01T11:58:54 IST" skipped="0">
  <testcase classname="com.prm.qa.testcases.T004ValidateNumberOfColsOnLeftReviewScreenAndSanitySCreen" name="loginTest" time="23.083"/>
  <system-out/>
</testsuite> <!-- com.prm.qa.testcases.T004ValidateNumberOfColsOnLeftReviewScreenAndSanitySCreen -->
