<?xml version="1.0" encoding="UTF-8"?>
<!-- Generated by org.testng.reporters.JUnitReportReporter -->
<testsuite hostname="DESKTOP-UOJPDDT" failures="0" tests="1" name="com.prm.qa.testcases.T003ValidateAmountOfLeftAndRightColumns" time="36.062" errors="0" timestamp="2022-10-06T12:04:52 IST" skipped="0">
  <testcase classname="com.prm.qa.testcases.T003ValidateAmountOfLeftAndRightColumns" name="loginTest" time="36.062"/>
  <system-out/>
</testsuite> <!-- com.prm.qa.testcases.T003ValidateAmountOfLeftAndRightColumns -->
