<?xml version="1.0" encoding="UTF-8"?>
<!-- Generated by org.testng.reporters.JUnitReportReporter -->
<testsuite hostname="DESKTOP-UOJPDDT" failures="0" tests="1" name="com.prm.qa.testcases.T003ValidateNumberOfAmountColsOnLeftAndRight" time="185.542" errors="0" timestamp="2022-11-04T09:01:51 IST" skipped="0">
  <testcase classname="com.prm.qa.testcases.T003ValidateNumberOfAmountColsOnLeftAndRight" name="loginTest" time="185.542"/>
  <system-out/>
</testsuite> <!-- com.prm.qa.testcases.T003ValidateNumberOfAmountColsOnLeftAndRight -->
